593995864037:ENCOLADO ans_e43170a9-649c-48cc-9d1c-62aa0007fbcd
EJECUTANDO:ans_e43170a9-649c-48cc-9d1c-62aa0007fbcd
593995864037:SUCCESS
593995864037:ENCOLADO ans_df4cb2db-32eb-4567-a451-57d58e2baac6
EJECUTANDO:ans_df4cb2db-32eb-4567-a451-57d58e2baac6
593995864037:SUCCESS
593995864037:ENCOLADO ans_45dce8e5-c751-4686-b61d-957cd32fd345
EJECUTANDO:ans_45dce8e5-c751-4686-b61d-957cd32fd345
593995864037:SUCCESS
593995864037:ENCOLADO ans_e6942d87-dedc-43b7-9907-4082d9f48b29
EJECUTANDO:ans_e6942d87-dedc-43b7-9907-4082d9f48b29
593995864037:SUCCESS
593995864037:ENCOLADO ans_aa1f8ff7-c702-4a57-a45b-81ceb28ad2c6
EJECUTANDO:ans_aa1f8ff7-c702-4a57-a45b-81ceb28ad2c6
593995864037:SUCCESS
593995864037:ENCOLADO ans_9374b281-c1db-412f-ba4d-2a7466b8d38f
EJECUTANDO:ans_9374b281-c1db-412f-ba4d-2a7466b8d38f
593995864037:SUCCESS
593995864037:ENCOLADO ans_e22b8e14-806a-4a85-a61c-83dabfe2315f
EJECUTANDO:ans_e22b8e14-806a-4a85-a61c-83dabfe2315f
593995864037:SUCCESS
